Flow report for harness
Mon Mar 30 22:44:52 2020
Quartus Prime Version 18.1.0 Build 625 09/12/2018 SJ Lite Edition


---------------------
; Table of Contents ;
---------------------
  1. Legal Notice
  2. Flow Summary
  3. Flow Settings
  4. Flow Non-Default Global Settings
  5. Flow Elapsed Time
  6. Flow OS Summary
  7. Flow Log
  8. Flow Messages
  9. Flow Suppressed Messages



----------------
; Legal Notice ;
----------------
Copyright (C) 2018  Intel Corporation. All rights reserved.
Your use of Intel Corporation's design tools, logic functions 
and other software and tools, and its AMPP partner logic 
functions, and any output files from any of the foregoing 
(including device programming or simulation files), and any 
associated documentation or information are expressly subject 
to the terms and conditions of the Intel Program License 
Subscription Agreement, the Intel Quartus Prime License Agreement,
the Intel FPGA IP License Agreement, or other applicable license
agreement, including, without limitation, that your use is for
the sole purpose of programming logic devices manufactured by
Intel and sold by Intel or its authorized distributors.  Please
refer to the applicable agreement for further details.



+-------------------------------------------------------------------------------+
; Flow Summary                                                                  ;
+---------------------------------+---------------------------------------------+
; Flow Status                     ; Successful - Mon Mar 30 22:44:44 2020       ;
; Quartus Prime Version           ; 18.1.0 Build 625 09/12/2018 SJ Lite Edition ;
; Revision Name                   ; harness                                     ;
; Top-level Entity Name           ; harness                                     ;
; Family                          ; Cyclone V                                   ;
; Device                          ; 5CSEMA5F31C6                                ;
; Timing Models                   ; Final                                       ;
; Logic utilization (in ALMs)     ; 177 / 32,070 ( < 1 % )                      ;
; Total registers                 ; 319                                         ;
; Total pins                      ; 2 / 457 ( < 1 % )                           ;
; Total virtual pins              ; 83                                          ;
; Total block memory bits         ; 0 / 4,065,280 ( 0 % )                       ;
; Total DSP Blocks                ; 0 / 87 ( 0 % )                              ;
; Total HSSI RX PCSs              ; 0                                           ;
; Total HSSI PMA RX Deserializers ; 0                                           ;
; Total HSSI TX PCSs              ; 0                                           ;
; Total HSSI PMA TX Serializers   ; 0                                           ;
; Total PLLs                      ; 0 / 6 ( 0 % )                               ;
; Total DLLs                      ; 0 / 4 ( 0 % )                               ;
+---------------------------------+---------------------------------------------+


+-----------------------------------------+
; Flow Settings                           ;
+-------------------+---------------------+
; Option            ; Setting             ;
+-------------------+---------------------+
; Start date & time ; 03/30/2020 22:42:47 ;
; Main task         ; Compilation         ;
; Revision Name     ; harness             ;
+-------------------+---------------------+


+--------------------------------------------------------------------------------------------------------------------------+
; Flow Non-Default Global Settings                                                                                         ;
+--------------------------------------+----------------------------------------+---------------+-------------+------------+
; Assignment Name                      ; Value                                  ; Default Value ; Entity Name ; Section Id ;
+--------------------------------------+----------------------------------------+---------------+-------------+------------+
; COMPILER_SIGNATURE_ID                ; 134480850353117.158562256608004        ; --            ; --          ; --         ;
; FITTER_EFFORT                        ; Standard Fit                           ; Auto Fit      ; --          ; --         ;
; MAX_CORE_JUNCTION_TEMP               ; 85                                     ; --            ; --          ; --         ;
; MIN_CORE_JUNCTION_TEMP               ; 0                                      ; --            ; --          ; --         ;
; MUX_RESTRUCTURE                      ; Off                                    ; Auto          ; --          ; --         ;
; OPTIMIZATION_MODE                    ; Aggressive Performance                 ; Balanced      ; --          ; --         ;
; OPTIMIZATION_TECHNIQUE               ; Speed                                  ; Balanced      ; --          ; --         ;
; PARTITION_COLOR                      ; -- (Not supported for targeted family) ; --            ; --          ; Top        ;
; PARTITION_FITTER_PRESERVATION_LEVEL  ; -- (Not supported for targeted family) ; --            ; --          ; Top        ;
; PARTITION_NETLIST_TYPE               ; -- (Not supported for targeted family) ; --            ; --          ; Top        ;
; PHYSICAL_SYNTHESIS_COMBO_LOGIC       ; On                                     ; Off           ; --          ; --         ;
; PHYSICAL_SYNTHESIS_REGISTER_RETIMING ; On                                     ; Off           ; --          ; --         ;
; PLACEMENT_EFFORT_MULTIPLIER          ; 4.0                                    ; 1.0           ; --          ; --         ;
; POWER_BOARD_THERMAL_MODEL            ; None (CONSERVATIVE)                    ; --            ; --          ; --         ;
; POWER_PRESET_COOLING_SOLUTION        ; 23 MM HEAT SINK WITH 200 LFPM AIRFLOW  ; --            ; --          ; --         ;
; PROJECT_OUTPUT_DIRECTORY             ; out                                    ; --            ; --          ; --         ;
; ROUTER_TIMING_OPTIMIZATION_LEVEL     ; MAXIMUM                                ; Normal        ; --          ; --         ;
+--------------------------------------+----------------------------------------+---------------+-------------+------------+


+--------------------------------------------------------------------------------------------------------------------------+
; Flow Elapsed Time                                                                                                        ;
+----------------------+--------------+-------------------------+---------------------+------------------------------------+
; Module Name          ; Elapsed Time ; Average Processors Used ; Peak Virtual Memory ; Total CPU Time (on all processors) ;
+----------------------+--------------+-------------------------+---------------------+------------------------------------+
; Analysis & Synthesis ; 00:00:16     ; 1.0                     ; 4810 MB             ; 00:00:33                           ;
; Fitter               ; 00:01:24     ; 1.0                     ; 6302 MB             ; 00:02:12                           ;
; Assembler            ; 00:00:13     ; 1.0                     ; 4841 MB             ; 00:00:09                           ;
; Timing Analyzer      ; 00:00:07     ; 1.1                     ; 5118 MB             ; 00:00:07                           ;
; Total                ; 00:02:00     ; --                      ; --                  ; 00:03:01                           ;
+----------------------+--------------+-------------------------+---------------------+------------------------------------+


+------------------------------------------------------------------------------------+
; Flow OS Summary                                                                    ;
+----------------------+------------------+------------+------------+----------------+
; Module Name          ; Machine Hostname ; OS Name    ; OS Version ; Processor type ;
+----------------------+------------------+------------+------------+----------------+
; Analysis & Synthesis ; DESKTOP-4ADPM3H  ; Windows 10 ; 10.0       ; x86_64         ;
; Fitter               ; DESKTOP-4ADPM3H  ; Windows 10 ; 10.0       ; x86_64         ;
; Assembler            ; DESKTOP-4ADPM3H  ; Windows 10 ; 10.0       ; x86_64         ;
; Timing Analyzer      ; DESKTOP-4ADPM3H  ; Windows 10 ; 10.0       ; x86_64         ;
+----------------------+------------------+------------+------------+----------------+


------------
; Flow Log ;
------------
quartus_map --read_settings_files=on --write_settings_files=off harness -c harness
quartus_fit --read_settings_files=off --write_settings_files=off harness -c harness
quartus_asm --read_settings_files=off --write_settings_files=off harness -c harness
quartus_sta harness -c harness



